<?xml version="1.0" encoding="UTF-8"?>
<testsuite name="FindAndReplaceTest" tests="3" skipped="0" failures="0" errors="0" timestamp="2017-06-28T18:28:51" hostname="epicodus-3.local" time="0.002">
  <properties/>
  <testcase name="runFindAndReplace_ReplaceUpperWithLowerCase_String" classname="FindAndReplaceTest" time="0.001"/>
  <testcase name="runFindAndReplace_AContainsA_true" classname="FindAndReplaceTest" time="0.0"/>
  <testcase name="runFindAndReplace_ReplaceCatWithDog_String" classname="FindAndReplaceTest" time="0.0"/>
  <system-out><![CDATA[]]></system-out>
  <system-err><![CDATA[]]></system-err>
</testsuite>
